2024-12-07 22:55:38.233 [main] INFO  - Title is retrieved
2024-12-07 22:55:41.345 [main] INFO  - Sign In and Login Hyperlink is clicked
2024-12-07 22:57:32.445 [main] INFO  - Title is retrieved
2024-12-07 22:57:35.072 [main] INFO  - Sign In and Login Hyperlink is clicked
2024-12-08 08:52:41.906 [main] INFO  - Test Case Link is clicked
2024-12-08 08:53:05.104 [main] INFO  - Title is retrieved
2024-12-08 08:53:07.256 [main] INFO  - Sign In and Login Hyperlink is clicked
2024-12-08 09:07:28.716 [TestNG] INFO  - Test Case Link is clicked
2024-12-08 09:07:35.388 [TestNG] ERROR - Unable to retrieve the title
org.openqa.selenium.NoSuchWindowException: no such window: target window already closed
from unknown error: web view not found
  (Session info: chrome=131.0.6778.109)
Build info: version: '4.27.0', revision: 'd6e718d134'
System info: os.name: 'Windows 11', os.arch: 'amd64', os.version: '10.0', java.version: '21.0.2'
Driver info: org.openqa.selenium.chrome.ChromeDriver
Command: [ccbef2eb38854955bd0be53a6505e5a7, getTitle {}]
Capabilities {acceptInsecureCerts: false, browserName: chrome, browserVersion: 131.0.6778.109, chrome: {chromedriverVersion: 131.0.6778.87 (ce31cae94873..., userDataDir: C:\Users\Nikshepa\AppData\L...}, fedcm:accounts: true, goog:chromeOptions: {debuggerAddress: localhost:52163}, networkConnectionEnabled: false, pageLoadStrategy: normal, platformName: windows, proxy: Proxy(), se:cdp: ws://localhost:52163/devtoo..., se:cdpVersion: 131.0.6778.109, setWindowRect: true, strictFileInteractability: false, timeouts: {implicit: 0, pageLoad: 300000, script: 30000}, unhandledPromptBehavior: dismiss and notify, webauthn:extension:credBlob: true, webauthn:extension:largeBlob: true, webauthn:extension:minPinLength: true, webauthn:extension:prf: true, webauthn:virtualAuthenticators: true}
Session ID: ccbef2eb38854955bd0be53a6505e5a7
	at java.base/jdk.internal.reflect.DirectConstructorHandleAccessor.newInstance(DirectConstructorHandleAccessor.java:62) ~[?:?]
	at java.base/java.lang.reflect.Constructor.newInstanceWithCaller(Constructor.java:502) ~[?:?]
	at java.base/java.lang.reflect.Constructor.newInstance(Constructor.java:486) ~[?:?]
	at org.openqa.selenium.remote.ErrorCodec.decode(ErrorCodec.java:167) ~[selenium-remote-driver-4.27.0.jar:?]
	at org.openqa.selenium.remote.codec.w3c.W3CHttpResponseCodec.decode(W3CHttpResponseCodec.java:138) ~[selenium-remote-driver-4.27.0.jar:?]
	at org.openqa.selenium.remote.codec.w3c.W3CHttpResponseCodec.decode(W3CHttpResponseCodec.java:50) ~[selenium-remote-driver-4.27.0.jar:?]
	at org.openqa.selenium.remote.HttpCommandExecutor.execute(HttpCommandExecutor.java:190) ~[selenium-remote-driver-4.27.0.jar:?]
	at org.openqa.selenium.remote.service.DriverCommandExecutor.invokeExecute(DriverCommandExecutor.java:216) ~[selenium-remote-driver-4.27.0.jar:?]
	at org.openqa.selenium.remote.service.DriverCommandExecutor.execute(DriverCommandExecutor.java:174) ~[selenium-remote-driver-4.27.0.jar:?]
	at org.openqa.selenium.remote.RemoteWebDriver.execute(RemoteWebDriver.java:545) ~[selenium-remote-driver-4.27.0.jar:?]
	at org.openqa.selenium.remote.RemoteWebDriver.execute(RemoteWebDriver.java:618) ~[selenium-remote-driver-4.27.0.jar:?]
	at org.openqa.selenium.remote.RemoteWebDriver.execute(RemoteWebDriver.java:622) ~[selenium-remote-driver-4.27.0.jar:?]
	at org.openqa.selenium.remote.RemoteWebDriver.getTitle(RemoteWebDriver.java:318) ~[selenium-remote-driver-4.27.0.jar:?]
	at ActionUtility.ActionsEngine.getTitle_Custom(ActionsEngine.java:49) ~[classes/:?]
	at com.Pages.HomePage.getHomePageTitle(HomePage.java:28) ~[classes/:?]
	at com.TestCases.TestCase1.validateHomePage(TestCase1.java:21) ~[test-classes/:?]
	at java.base/jdk.internal.reflect.DirectMethodHandleAccessor.invoke(DirectMethodHandleAccessor.java:103) ~[?:?]
	at java.base/java.lang.reflect.Method.invoke(Method.java:580) ~[?:?]
	at org.testng.internal.MethodInvocationHelper.invokeMethod(MethodInvocationHelper.java:86) ~[testng-6.9.10.jar:?]
	at org.testng.internal.Invoker.invokeMethod(Invoker.java:643) ~[testng-6.9.10.jar:?]
	at org.testng.internal.Invoker.invokeTestMethod(Invoker.java:820) ~[testng-6.9.10.jar:?]
	at org.testng.internal.Invoker.invokeTestMethods(Invoker.java:1128) ~[testng-6.9.10.jar:?]
	at org.testng.internal.TestMethodWorker.invokeTestMethods(TestMethodWorker.java:129) ~[testng-6.9.10.jar:?]
	at org.testng.internal.TestMethodWorker.run(TestMethodWorker.java:112) ~[testng-6.9.10.jar:?]
	at org.testng.TestRunner.privateRun(TestRunner.java:782) ~[testng-6.9.10.jar:?]
	at org.testng.TestRunner.run(TestRunner.java:632) ~[testng-6.9.10.jar:?]
	at org.testng.SuiteRunner.runTest(SuiteRunner.java:366) ~[testng-6.9.10.jar:?]
	at org.testng.SuiteRunner.access$000(SuiteRunner.java:39) ~[testng-6.9.10.jar:?]
	at org.testng.SuiteRunner$SuiteWorker.run(SuiteRunner.java:400) ~[testng-6.9.10.jar:?]
	at org.testng.internal.thread.ThreadUtil$2.call(ThreadUtil.java:64) ~[testng-6.9.10.jar:?]
	at java.base/java.util.concurrent.FutureTask.run(FutureTask.java:317) ~[?:?]
	at java.base/java.util.concurrent.ThreadPoolExecutor.runWorker(ThreadPoolExecutor.java:1144) ~[?:?]
	at java.base/java.util.concurrent.ThreadPoolExecutor$Worker.run(ThreadPoolExecutor.java:642) ~[?:?]
	at java.base/java.lang.Thread.run(Thread.java:1583) [?:?]
2024-12-08 09:09:37.466 [pool-1-thread-2] INFO  - Title is retrieved
2024-12-08 09:09:50.969 [pool-1-thread-2] INFO  - Sign In and Login Hyperlink is clicked
2024-12-08 09:09:50.978 [pool-1-thread-1] INFO  - Test Case Link is clicked
2024-12-08 11:06:20.823 [pool-2-thread-2] INFO  - Title is retrieved
2024-12-08 11:06:22.018 [pool-2-thread-2] INFO  - Sign In and Login Hyperlink is clicked
2024-12-08 11:06:22.250 [pool-2-thread-1] INFO  - Test Case Link is clicked
2024-12-08 20:45:02.035 [pool-1-thread-1] INFO  - Title is retrieved
2024-12-08 20:45:03.532 [pool-1-thread-1] INFO  - Sign In and Login Hyperlink is clicked
2024-12-08 20:45:19.676 [pool-1-thread-2] INFO  - Test Case Link is clicked
2024-12-08 20:45:21.827 [pool-1-thread-1] INFO  - Title is retrieved
2024-12-08 20:45:23.578 [pool-1-thread-1] INFO  - Sign In and Login Hyperlink is clicked
2024-12-08 20:47:29.008 [pool-1-thread-1] INFO  - Title is retrieved
2024-12-08 20:47:30.784 [pool-1-thread-2] INFO  - Test Case Link is clicked
2024-12-08 20:47:31.509 [pool-1-thread-1] INFO  - Sign In and Login Hyperlink is clicked
2024-12-08 20:48:02.144 [pool-1-thread-1] INFO  - Title is retrieved
2024-12-08 20:48:04.066 [pool-1-thread-1] INFO  - Sign In and Login Hyperlink is clicked
2024-12-08 21:00:03.221 [pool-1-thread-1] INFO  - Title is retrieved
2024-12-08 21:00:05.293 [pool-1-thread-1] INFO  - Sign In and Login Hyperlink is clicked
2024-12-08 21:09:55.969 [pool-1-thread-1] INFO  - Title is retrieved
2024-12-08 21:10:00.458 [pool-1-thread-1] INFO  - Sign In and Login Hyperlink is clicked
2024-12-08 22:27:17.614 [pool-1-thread-1] INFO  - Title is retrieved
2024-12-08 22:27:19.678 [pool-1-thread-1] INFO  - Sign In and Login Hyperlink is clicked
2024-12-08 22:27:21.746 [pool-1-thread-1] ERROR - User Name unable to enter the value in the field
java.lang.IllegalArgumentException: Keys to send should be a not null CharSequence
	at org.openqa.selenium.remote.RemoteWebElement.sendKeys(RemoteWebElement.java:96) ~[selenium-remote-driver-4.27.0.jar:?]
	at java.base/jdk.internal.reflect.DirectMethodHandleAccessor.invoke(DirectMethodHandleAccessor.java:103) ~[?:?]
	at java.base/java.lang.reflect.Method.invoke(Method.java:580) ~[?:?]
	at org.openqa.selenium.support.pagefactory.internal.LocatingElementHandler.invoke(LocatingElementHandler.java:51) ~[selenium-support-4.27.0.jar:?]
	at jdk.proxy2/jdk.proxy2.$Proxy27.sendKeys(Unknown Source) ~[?:?]
	at ActionUtility.ActionsEngine.sendKeys_Custom(ActionsEngine.java:37) ~[classes/:?]
	at com.Pages.SignInOrLoginPage.signUpAsNewUser(SignInOrLoginPage.java:32) ~[classes/:?]
	at com.TestCases.TestCase1.mvnDataParameterCheck(TestCase1.java:82) ~[test-classes/:?]
	at java.base/jdk.internal.reflect.DirectMethodHandleAccessor.invoke(DirectMethodHandleAccessor.java:103) ~[?:?]
	at java.base/java.lang.reflect.Method.invoke(Method.java:580) ~[?:?]
	at org.testng.internal.MethodInvocationHelper.invokeMethod(MethodInvocationHelper.java:86) ~[testng-6.9.10.jar:?]
	at org.testng.internal.Invoker.invokeMethod(Invoker.java:643) ~[testng-6.9.10.jar:?]
	at org.testng.internal.Invoker.invokeTestMethod(Invoker.java:820) ~[testng-6.9.10.jar:?]
	at org.testng.internal.Invoker.invokeTestMethods(Invoker.java:1128) ~[testng-6.9.10.jar:?]
	at org.testng.internal.TestMethodWorker.invokeTestMethods(TestMethodWorker.java:129) ~[testng-6.9.10.jar:?]
	at org.testng.internal.TestMethodWorker.run(TestMethodWorker.java:112) ~[testng-6.9.10.jar:?]
	at java.base/java.util.concurrent.ThreadPoolExecutor.runWorker(ThreadPoolExecutor.java:1144) ~[?:?]
	at java.base/java.util.concurrent.ThreadPoolExecutor$Worker.run(ThreadPoolExecutor.java:642) ~[?:?]
	at java.base/java.lang.Thread.run(Thread.java:1583) [?:?]
2024-12-08 22:27:21.824 [pool-1-thread-1] ERROR - Email Address unable to enter the value in the field
java.lang.IllegalArgumentException: Keys to send should be a not null CharSequence
	at org.openqa.selenium.remote.RemoteWebElement.sendKeys(RemoteWebElement.java:96) ~[selenium-remote-driver-4.27.0.jar:?]
	at java.base/jdk.internal.reflect.DirectMethodHandleAccessor.invoke(DirectMethodHandleAccessor.java:103) ~[?:?]
	at java.base/java.lang.reflect.Method.invoke(Method.java:580) ~[?:?]
	at org.openqa.selenium.support.pagefactory.internal.LocatingElementHandler.invoke(LocatingElementHandler.java:51) ~[selenium-support-4.27.0.jar:?]
	at jdk.proxy2/jdk.proxy2.$Proxy27.sendKeys(Unknown Source) ~[?:?]
	at ActionUtility.ActionsEngine.sendKeys_Custom(ActionsEngine.java:37) ~[classes/:?]
	at com.Pages.SignInOrLoginPage.signUpAsNewUser(SignInOrLoginPage.java:33) ~[classes/:?]
	at com.TestCases.TestCase1.mvnDataParameterCheck(TestCase1.java:82) ~[test-classes/:?]
	at java.base/jdk.internal.reflect.DirectMethodHandleAccessor.invoke(DirectMethodHandleAccessor.java:103) ~[?:?]
	at java.base/java.lang.reflect.Method.invoke(Method.java:580) ~[?:?]
	at org.testng.internal.MethodInvocationHelper.invokeMethod(MethodInvocationHelper.java:86) ~[testng-6.9.10.jar:?]
	at org.testng.internal.Invoker.invokeMethod(Invoker.java:643) ~[testng-6.9.10.jar:?]
	at org.testng.internal.Invoker.invokeTestMethod(Invoker.java:820) ~[testng-6.9.10.jar:?]
	at org.testng.internal.Invoker.invokeTestMethods(Invoker.java:1128) ~[testng-6.9.10.jar:?]
	at org.testng.internal.TestMethodWorker.invokeTestMethods(TestMethodWorker.java:129) ~[testng-6.9.10.jar:?]
	at org.testng.internal.TestMethodWorker.run(TestMethodWorker.java:112) ~[testng-6.9.10.jar:?]
	at java.base/java.util.concurrent.ThreadPoolExecutor.runWorker(ThreadPoolExecutor.java:1144) ~[?:?]
	at java.base/java.util.concurrent.ThreadPoolExecutor$Worker.run(ThreadPoolExecutor.java:642) ~[?:?]
	at java.base/java.lang.Thread.run(Thread.java:1583) [?:?]
2024-12-08 22:27:23.605 [pool-1-thread-1] INFO  - Sign Up Hyperlink is clicked
2024-12-08 22:45:43.821 [pool-1-thread-1] INFO  - Title is retrieved
2024-12-08 22:45:48.383 [pool-1-thread-1] INFO  - Sign In and Login Hyperlink is clicked
2024-12-08 22:45:50.703 [pool-1-thread-1] ERROR - User Name unable to enter the value in the field
java.lang.IllegalArgumentException: Keys to send should be a not null CharSequence
	at org.openqa.selenium.remote.RemoteWebElement.sendKeys(RemoteWebElement.java:96) ~[selenium-remote-driver-4.27.0.jar:?]
	at java.base/jdk.internal.reflect.DirectMethodHandleAccessor.invoke(DirectMethodHandleAccessor.java:103) ~[?:?]
	at java.base/java.lang.reflect.Method.invoke(Method.java:580) ~[?:?]
	at org.openqa.selenium.support.pagefactory.internal.LocatingElementHandler.invoke(LocatingElementHandler.java:51) ~[selenium-support-4.27.0.jar:?]
	at jdk.proxy2/jdk.proxy2.$Proxy27.sendKeys(Unknown Source) ~[?:?]
	at ActionUtility.ActionsEngine.sendKeys_Custom(ActionsEngine.java:37) ~[classes/:?]
	at com.Pages.SignInOrLoginPage.signUpAsNewUser(SignInOrLoginPage.java:32) ~[classes/:?]
	at com.TestCases.TestCase1.mvnDataParameterCheck(TestCase1.java:82) ~[test-classes/:?]
	at java.base/jdk.internal.reflect.DirectMethodHandleAccessor.invoke(DirectMethodHandleAccessor.java:103) ~[?:?]
	at java.base/java.lang.reflect.Method.invoke(Method.java:580) ~[?:?]
	at org.testng.internal.MethodInvocationHelper.invokeMethod(MethodInvocationHelper.java:86) ~[testng-6.9.10.jar:?]
	at org.testng.internal.Invoker.invokeMethod(Invoker.java:643) ~[testng-6.9.10.jar:?]
	at org.testng.internal.Invoker.invokeTestMethod(Invoker.java:820) ~[testng-6.9.10.jar:?]
	at org.testng.internal.Invoker.invokeTestMethods(Invoker.java:1128) ~[testng-6.9.10.jar:?]
	at org.testng.internal.TestMethodWorker.invokeTestMethods(TestMethodWorker.java:129) ~[testng-6.9.10.jar:?]
	at org.testng.internal.TestMethodWorker.run(TestMethodWorker.java:112) ~[testng-6.9.10.jar:?]
	at java.base/java.util.concurrent.ThreadPoolExecutor.runWorker(ThreadPoolExecutor.java:1144) ~[?:?]
	at java.base/java.util.concurrent.ThreadPoolExecutor$Worker.run(ThreadPoolExecutor.java:642) ~[?:?]
	at java.base/java.lang.Thread.run(Thread.java:1583) [?:?]
2024-12-08 22:45:50.852 [pool-1-thread-1] ERROR - Email Address unable to enter the value in the field
java.lang.IllegalArgumentException: Keys to send should be a not null CharSequence
	at org.openqa.selenium.remote.RemoteWebElement.sendKeys(RemoteWebElement.java:96) ~[selenium-remote-driver-4.27.0.jar:?]
	at java.base/jdk.internal.reflect.DirectMethodHandleAccessor.invoke(DirectMethodHandleAccessor.java:103) ~[?:?]
	at java.base/java.lang.reflect.Method.invoke(Method.java:580) ~[?:?]
	at org.openqa.selenium.support.pagefactory.internal.LocatingElementHandler.invoke(LocatingElementHandler.java:51) ~[selenium-support-4.27.0.jar:?]
	at jdk.proxy2/jdk.proxy2.$Proxy27.sendKeys(Unknown Source) ~[?:?]
	at ActionUtility.ActionsEngine.sendKeys_Custom(ActionsEngine.java:37) ~[classes/:?]
	at com.Pages.SignInOrLoginPage.signUpAsNewUser(SignInOrLoginPage.java:33) ~[classes/:?]
	at com.TestCases.TestCase1.mvnDataParameterCheck(TestCase1.java:82) ~[test-classes/:?]
	at java.base/jdk.internal.reflect.DirectMethodHandleAccessor.invoke(DirectMethodHandleAccessor.java:103) ~[?:?]
	at java.base/java.lang.reflect.Method.invoke(Method.java:580) ~[?:?]
	at org.testng.internal.MethodInvocationHelper.invokeMethod(MethodInvocationHelper.java:86) ~[testng-6.9.10.jar:?]
	at org.testng.internal.Invoker.invokeMethod(Invoker.java:643) ~[testng-6.9.10.jar:?]
	at org.testng.internal.Invoker.invokeTestMethod(Invoker.java:820) ~[testng-6.9.10.jar:?]
	at org.testng.internal.Invoker.invokeTestMethods(Invoker.java:1128) ~[testng-6.9.10.jar:?]
	at org.testng.internal.TestMethodWorker.invokeTestMethods(TestMethodWorker.java:129) ~[testng-6.9.10.jar:?]
	at org.testng.internal.TestMethodWorker.run(TestMethodWorker.java:112) ~[testng-6.9.10.jar:?]
	at java.base/java.util.concurrent.ThreadPoolExecutor.runWorker(ThreadPoolExecutor.java:1144) ~[?:?]
	at java.base/java.util.concurrent.ThreadPoolExecutor$Worker.run(ThreadPoolExecutor.java:642) ~[?:?]
	at java.base/java.lang.Thread.run(Thread.java:1583) [?:?]
2024-12-08 22:45:51.352 [pool-1-thread-1] INFO  - Sign Up Hyperlink is clicked
2024-12-08 23:01:42.433 [pool-1-thread-1] INFO  - Title is retrieved
2024-12-08 23:01:43.370 [pool-1-thread-1] INFO  - Sign In and Login Hyperlink is clicked
2024-12-08 23:01:45.452 [pool-1-thread-1] ERROR - User Name unable to enter the value in the field
java.lang.IllegalArgumentException: Keys to send should be a not null CharSequence
	at org.openqa.selenium.remote.RemoteWebElement.sendKeys(RemoteWebElement.java:96) ~[selenium-remote-driver-4.27.0.jar:?]
	at java.base/jdk.internal.reflect.DirectMethodHandleAccessor.invoke(DirectMethodHandleAccessor.java:103) ~[?:?]
	at java.base/java.lang.reflect.Method.invoke(Method.java:580) ~[?:?]
	at org.openqa.selenium.support.pagefactory.internal.LocatingElementHandler.invoke(LocatingElementHandler.java:51) ~[selenium-support-4.27.0.jar:?]
	at jdk.proxy2/jdk.proxy2.$Proxy27.sendKeys(Unknown Source) ~[?:?]
	at ActionUtility.ActionsEngine.sendKeys_Custom(ActionsEngine.java:37) ~[classes/:?]
	at com.Pages.SignInOrLoginPage.signUpAsNewUser(SignInOrLoginPage.java:32) ~[classes/:?]
	at com.TestCases.TestCase1.mvnDataParameterCheck(TestCase1.java:82) ~[test-classes/:?]
	at java.base/jdk.internal.reflect.DirectMethodHandleAccessor.invoke(DirectMethodHandleAccessor.java:103) ~[?:?]
	at java.base/java.lang.reflect.Method.invoke(Method.java:580) ~[?:?]
	at org.testng.internal.MethodInvocationHelper.invokeMethod(MethodInvocationHelper.java:86) ~[testng-6.9.10.jar:?]
	at org.testng.internal.Invoker.invokeMethod(Invoker.java:643) ~[testng-6.9.10.jar:?]
	at org.testng.internal.Invoker.invokeTestMethod(Invoker.java:820) ~[testng-6.9.10.jar:?]
	at org.testng.internal.Invoker.invokeTestMethods(Invoker.java:1128) ~[testng-6.9.10.jar:?]
	at org.testng.internal.TestMethodWorker.invokeTestMethods(TestMethodWorker.java:129) ~[testng-6.9.10.jar:?]
	at org.testng.internal.TestMethodWorker.run(TestMethodWorker.java:112) ~[testng-6.9.10.jar:?]
	at java.base/java.util.concurrent.ThreadPoolExecutor.runWorker(ThreadPoolExecutor.java:1144) ~[?:?]
	at java.base/java.util.concurrent.ThreadPoolExecutor$Worker.run(ThreadPoolExecutor.java:642) ~[?:?]
	at java.base/java.lang.Thread.run(Thread.java:1583) [?:?]
2024-12-08 23:01:45.495 [pool-1-thread-1] ERROR - Email Address unable to enter the value in the field
java.lang.IllegalArgumentException: Keys to send should be a not null CharSequence
	at org.openqa.selenium.remote.RemoteWebElement.sendKeys(RemoteWebElement.java:96) ~[selenium-remote-driver-4.27.0.jar:?]
	at java.base/jdk.internal.reflect.DirectMethodHandleAccessor.invoke(DirectMethodHandleAccessor.java:103) ~[?:?]
	at java.base/java.lang.reflect.Method.invoke(Method.java:580) ~[?:?]
	at org.openqa.selenium.support.pagefactory.internal.LocatingElementHandler.invoke(LocatingElementHandler.java:51) ~[selenium-support-4.27.0.jar:?]
	at jdk.proxy2/jdk.proxy2.$Proxy27.sendKeys(Unknown Source) ~[?:?]
	at ActionUtility.ActionsEngine.sendKeys_Custom(ActionsEngine.java:37) ~[classes/:?]
	at com.Pages.SignInOrLoginPage.signUpAsNewUser(SignInOrLoginPage.java:33) ~[classes/:?]
	at com.TestCases.TestCase1.mvnDataParameterCheck(TestCase1.java:82) ~[test-classes/:?]
	at java.base/jdk.internal.reflect.DirectMethodHandleAccessor.invoke(DirectMethodHandleAccessor.java:103) ~[?:?]
	at java.base/java.lang.reflect.Method.invoke(Method.java:580) ~[?:?]
	at org.testng.internal.MethodInvocationHelper.invokeMethod(MethodInvocationHelper.java:86) ~[testng-6.9.10.jar:?]
	at org.testng.internal.Invoker.invokeMethod(Invoker.java:643) ~[testng-6.9.10.jar:?]
	at org.testng.internal.Invoker.invokeTestMethod(Invoker.java:820) ~[testng-6.9.10.jar:?]
	at org.testng.internal.Invoker.invokeTestMethods(Invoker.java:1128) ~[testng-6.9.10.jar:?]
	at org.testng.internal.TestMethodWorker.invokeTestMethods(TestMethodWorker.java:129) ~[testng-6.9.10.jar:?]
	at org.testng.internal.TestMethodWorker.run(TestMethodWorker.java:112) ~[testng-6.9.10.jar:?]
	at java.base/java.util.concurrent.ThreadPoolExecutor.runWorker(ThreadPoolExecutor.java:1144) ~[?:?]
	at java.base/java.util.concurrent.ThreadPoolExecutor$Worker.run(ThreadPoolExecutor.java:642) ~[?:?]
	at java.base/java.lang.Thread.run(Thread.java:1583) [?:?]
2024-12-08 23:01:45.668 [pool-1-thread-1] INFO  - Sign Up Hyperlink is clicked
2024-12-08 23:04:19.899 [pool-1-thread-1] INFO  - Title is retrieved
2024-12-08 23:04:20.797 [pool-1-thread-1] INFO  - Sign In and Login Hyperlink is clicked
2024-12-08 23:04:22.867 [pool-1-thread-1] ERROR - User Name unable to enter the value in the field
java.lang.IllegalArgumentException: Keys to send should be a not null CharSequence
	at org.openqa.selenium.remote.RemoteWebElement.sendKeys(RemoteWebElement.java:96) ~[selenium-remote-driver-4.27.0.jar:?]
	at java.base/jdk.internal.reflect.DirectMethodHandleAccessor.invoke(DirectMethodHandleAccessor.java:103) ~[?:?]
	at java.base/java.lang.reflect.Method.invoke(Method.java:580) ~[?:?]
	at org.openqa.selenium.support.pagefactory.internal.LocatingElementHandler.invoke(LocatingElementHandler.java:51) ~[selenium-support-4.27.0.jar:?]
	at jdk.proxy2/jdk.proxy2.$Proxy27.sendKeys(Unknown Source) ~[?:?]
	at ActionUtility.ActionsEngine.sendKeys_Custom(ActionsEngine.java:37) ~[classes/:?]
	at com.Pages.SignInOrLoginPage.signUpAsNewUser(SignInOrLoginPage.java:32) ~[classes/:?]
	at com.TestCases.TestCase1.mvnDataParameterCheck(TestCase1.java:82) ~[test-classes/:?]
	at java.base/jdk.internal.reflect.DirectMethodHandleAccessor.invoke(DirectMethodHandleAccessor.java:103) ~[?:?]
	at java.base/java.lang.reflect.Method.invoke(Method.java:580) ~[?:?]
	at org.testng.internal.MethodInvocationHelper.invokeMethod(MethodInvocationHelper.java:86) ~[testng-6.9.10.jar:?]
	at org.testng.internal.Invoker.invokeMethod(Invoker.java:643) ~[testng-6.9.10.jar:?]
	at org.testng.internal.Invoker.invokeTestMethod(Invoker.java:820) ~[testng-6.9.10.jar:?]
	at org.testng.internal.Invoker.invokeTestMethods(Invoker.java:1128) ~[testng-6.9.10.jar:?]
	at org.testng.internal.TestMethodWorker.invokeTestMethods(TestMethodWorker.java:129) ~[testng-6.9.10.jar:?]
	at org.testng.internal.TestMethodWorker.run(TestMethodWorker.java:112) ~[testng-6.9.10.jar:?]
	at java.base/java.util.concurrent.ThreadPoolExecutor.runWorker(ThreadPoolExecutor.java:1144) ~[?:?]
	at java.base/java.util.concurrent.ThreadPoolExecutor$Worker.run(ThreadPoolExecutor.java:642) ~[?:?]
	at java.base/java.lang.Thread.run(Thread.java:1583) [?:?]
2024-12-08 23:04:22.927 [pool-1-thread-1] ERROR - Email Address unable to enter the value in the field
java.lang.IllegalArgumentException: Keys to send should be a not null CharSequence
	at org.openqa.selenium.remote.RemoteWebElement.sendKeys(RemoteWebElement.java:96) ~[selenium-remote-driver-4.27.0.jar:?]
	at java.base/jdk.internal.reflect.DirectMethodHandleAccessor.invoke(DirectMethodHandleAccessor.java:103) ~[?:?]
	at java.base/java.lang.reflect.Method.invoke(Method.java:580) ~[?:?]
	at org.openqa.selenium.support.pagefactory.internal.LocatingElementHandler.invoke(LocatingElementHandler.java:51) ~[selenium-support-4.27.0.jar:?]
	at jdk.proxy2/jdk.proxy2.$Proxy27.sendKeys(Unknown Source) ~[?:?]
	at ActionUtility.ActionsEngine.sendKeys_Custom(ActionsEngine.java:37) ~[classes/:?]
	at com.Pages.SignInOrLoginPage.signUpAsNewUser(SignInOrLoginPage.java:33) ~[classes/:?]
	at com.TestCases.TestCase1.mvnDataParameterCheck(TestCase1.java:82) ~[test-classes/:?]
	at java.base/jdk.internal.reflect.DirectMethodHandleAccessor.invoke(DirectMethodHandleAccessor.java:103) ~[?:?]
	at java.base/java.lang.reflect.Method.invoke(Method.java:580) ~[?:?]
	at org.testng.internal.MethodInvocationHelper.invokeMethod(MethodInvocationHelper.java:86) ~[testng-6.9.10.jar:?]
	at org.testng.internal.Invoker.invokeMethod(Invoker.java:643) ~[testng-6.9.10.jar:?]
	at org.testng.internal.Invoker.invokeTestMethod(Invoker.java:820) ~[testng-6.9.10.jar:?]
	at org.testng.internal.Invoker.invokeTestMethods(Invoker.java:1128) ~[testng-6.9.10.jar:?]
	at org.testng.internal.TestMethodWorker.invokeTestMethods(TestMethodWorker.java:129) ~[testng-6.9.10.jar:?]
	at org.testng.internal.TestMethodWorker.run(TestMethodWorker.java:112) ~[testng-6.9.10.jar:?]
	at java.base/java.util.concurrent.ThreadPoolExecutor.runWorker(ThreadPoolExecutor.java:1144) ~[?:?]
	at java.base/java.util.concurrent.ThreadPoolExecutor$Worker.run(ThreadPoolExecutor.java:642) ~[?:?]
	at java.base/java.lang.Thread.run(Thread.java:1583) [?:?]
2024-12-08 23:04:23.114 [pool-1-thread-1] INFO  - Sign Up Hyperlink is clicked
2024-12-08 23:08:04.438 [pool-2-thread-1] INFO  - Title is retrieved
2024-12-08 23:08:05.323 [pool-2-thread-1] INFO  - Sign In and Login Hyperlink is clicked
2024-12-08 23:08:07.410 [pool-2-thread-1] ERROR - User Name unable to enter the value in the field
java.lang.IllegalArgumentException: Keys to send should be a not null CharSequence
	at org.openqa.selenium.remote.RemoteWebElement.sendKeys(RemoteWebElement.java:96) ~[selenium-remote-driver-4.27.0.jar:?]
	at java.base/jdk.internal.reflect.DirectMethodHandleAccessor.invoke(DirectMethodHandleAccessor.java:103) ~[?:?]
	at java.base/java.lang.reflect.Method.invoke(Method.java:580) ~[?:?]
	at org.openqa.selenium.support.pagefactory.internal.LocatingElementHandler.invoke(LocatingElementHandler.java:51) ~[selenium-support-4.27.0.jar:?]
	at jdk.proxy2/jdk.proxy2.$Proxy24.sendKeys(Unknown Source) ~[?:?]
	at ActionUtility.ActionsEngine.sendKeys_Custom(ActionsEngine.java:37) ~[classes/:?]
	at com.Pages.SignInOrLoginPage.signUpAsNewUser(SignInOrLoginPage.java:32) ~[classes/:?]
	at com.TestCases.TestCase1.mvnDataParameterCheck(TestCase1.java:82) ~[test-classes/:?]
	at java.base/jdk.internal.reflect.DirectMethodHandleAccessor.invoke(DirectMethodHandleAccessor.java:103) ~[?:?]
	at java.base/java.lang.reflect.Method.invoke(Method.java:580) ~[?:?]
	at org.testng.internal.MethodInvocationHelper.invokeMethod(MethodInvocationHelper.java:85) ~[testng-6.9.9.jar:?]
	at org.testng.internal.Invoker.invokeMethod(Invoker.java:639) ~[testng-6.9.9.jar:?]
	at org.testng.internal.Invoker.invokeTestMethod(Invoker.java:816) ~[testng-6.9.9.jar:?]
	at org.testng.internal.Invoker.invokeTestMethods(Invoker.java:1124) ~[testng-6.9.9.jar:?]
	at org.testng.internal.TestMethodWorker.invokeTestMethods(TestMethodWorker.java:125) ~[testng-6.9.9.jar:?]
	at org.testng.internal.TestMethodWorker.run(TestMethodWorker.java:108) ~[testng-6.9.9.jar:?]
	at java.base/java.util.concurrent.ThreadPoolExecutor.runWorker(ThreadPoolExecutor.java:1144) ~[?:?]
	at java.base/java.util.concurrent.ThreadPoolExecutor$Worker.run(ThreadPoolExecutor.java:642) ~[?:?]
	at java.base/java.lang.Thread.run(Thread.java:1583) [?:?]
2024-12-08 23:08:07.455 [pool-2-thread-1] ERROR - Email Address unable to enter the value in the field
java.lang.IllegalArgumentException: Keys to send should be a not null CharSequence
	at org.openqa.selenium.remote.RemoteWebElement.sendKeys(RemoteWebElement.java:96) ~[selenium-remote-driver-4.27.0.jar:?]
	at java.base/jdk.internal.reflect.DirectMethodHandleAccessor.invoke(DirectMethodHandleAccessor.java:103) ~[?:?]
	at java.base/java.lang.reflect.Method.invoke(Method.java:580) ~[?:?]
	at org.openqa.selenium.support.pagefactory.internal.LocatingElementHandler.invoke(LocatingElementHandler.java:51) ~[selenium-support-4.27.0.jar:?]
	at jdk.proxy2/jdk.proxy2.$Proxy24.sendKeys(Unknown Source) ~[?:?]
	at ActionUtility.ActionsEngine.sendKeys_Custom(ActionsEngine.java:37) ~[classes/:?]
	at com.Pages.SignInOrLoginPage.signUpAsNewUser(SignInOrLoginPage.java:33) ~[classes/:?]
	at com.TestCases.TestCase1.mvnDataParameterCheck(TestCase1.java:82) ~[test-classes/:?]
	at java.base/jdk.internal.reflect.DirectMethodHandleAccessor.invoke(DirectMethodHandleAccessor.java:103) ~[?:?]
	at java.base/java.lang.reflect.Method.invoke(Method.java:580) ~[?:?]
	at org.testng.internal.MethodInvocationHelper.invokeMethod(MethodInvocationHelper.java:85) ~[testng-6.9.9.jar:?]
	at org.testng.internal.Invoker.invokeMethod(Invoker.java:639) ~[testng-6.9.9.jar:?]
	at org.testng.internal.Invoker.invokeTestMethod(Invoker.java:816) ~[testng-6.9.9.jar:?]
	at org.testng.internal.Invoker.invokeTestMethods(Invoker.java:1124) ~[testng-6.9.9.jar:?]
	at org.testng.internal.TestMethodWorker.invokeTestMethods(TestMethodWorker.java:125) ~[testng-6.9.9.jar:?]
	at org.testng.internal.TestMethodWorker.run(TestMethodWorker.java:108) ~[testng-6.9.9.jar:?]
	at java.base/java.util.concurrent.ThreadPoolExecutor.runWorker(ThreadPoolExecutor.java:1144) ~[?:?]
	at java.base/java.util.concurrent.ThreadPoolExecutor$Worker.run(ThreadPoolExecutor.java:642) ~[?:?]
	at java.base/java.lang.Thread.run(Thread.java:1583) [?:?]
2024-12-08 23:08:07.632 [pool-2-thread-1] INFO  - Sign Up Hyperlink is clicked
2024-12-08 23:09:57.302 [pool-2-thread-1] INFO  - Title is retrieved
2024-12-08 23:09:58.264 [pool-2-thread-1] INFO  - Sign In and Login Hyperlink is clicked
2024-12-08 23:10:00.653 [pool-2-thread-1] INFO  - User Name value has been entered in the input box
2024-12-08 23:10:00.938 [pool-2-thread-1] INFO  - Email Address value has been entered in the input box
2024-12-08 23:10:01.187 [pool-2-thread-1] INFO  - Sign Up Hyperlink is clicked
2024-12-08 23:12:38.808 [pool-2-thread-1] INFO  - Title is retrieved
2024-12-08 23:12:39.811 [pool-2-thread-1] INFO  - Sign In and Login Hyperlink is clicked
2024-12-08 23:12:42.008 [pool-2-thread-1] INFO  - User Name value has been entered in the input box
2024-12-08 23:12:42.146 [pool-2-thread-1] INFO  - Email Address value has been entered in the input box
2024-12-08 23:12:44.359 [pool-2-thread-1] INFO  - Sign Up Hyperlink is clicked
